<?xml version="1.0" encoding="UTF-8"?>
<testsuite name="edu.coursera.concurrent.BoruvkaPerformanceTest" time="64.798" tests="2" errors="2" skipped="0" failures="0">
  <properties>
[...]
</properties>
  <testcase name="testInputUSAroadFLA" classname="edu.coursera.concurrent.BoruvkaPerformanceTest" time="24.801">
    <error type="java.lang.AssertionError">java.lang.AssertionError
	at edu.coursera.concurrent.BoruvkaPerformanceTest.driver(BoruvkaPerformanceTest.java:93)
	at edu.coursera.concurrent.BoruvkaPerformanceTest.testInputUSAroadFLA(BoruvkaPerformanceTest.java:108)
</error>
    <system-err><![CDATA[  src/main/resources/boruvka/USA-road-d.FLA.gr.gz - edu.coursera.concurrent.boruvka.sequential.SeqBoruvka - 838
  src/main/resources/boruvka/USA-road-d.FLA.gr.gz - edu.coursera.concurrent.boruvka.sequential.SeqBoruvka - 944
  src/main/resources/boruvka/USA-road-d.FLA.gr.gz - edu.coursera.concurrent.boruvka.sequential.SeqBoruvka - 955
  src/main/resources/boruvka/USA-road-d.FLA.gr.gz - edu.coursera.concurrent.boruvka.sequential.SeqBoruvka - 886
  src/main/resources/boruvka/USA-road-d.FLA.gr.gz - edu.coursera.concurrent.boruvka.sequential.SeqBoruvka - 1009
Exception in thread "Thread-1" java.lang.IllegalMonitorStateException
	at java.base/java.util.concurrent.locks.ReentrantLock$Sync.tryRelease(ReentrantLock.java:149)
	at java.base/java.util.concurrent.locks.AbstractQueuedSynchronizer.release(AbstractQueuedSynchronizer.java:1302)
	at java.base/java.util.concurrent.locks.ReentrantLock.unlock(ReentrantLock.java:439)
	at edu.coursera.concurrent.ParBoruvka.computeBoruvka(ParBoruvka.java:42)
	at edu.coursera.concurrent.BoruvkaPerformanceTest.lambda$0(BoruvkaPerformanceTest.java:72)
	at java.base/java.lang.Thread.run(Thread.java:834)
Exception in thread "Thread-6" java.lang.IllegalMonitorStateException
	at java.base/java.util.concurrent.locks.ReentrantLock$Sync.tryRelease(ReentrantLock.java:149)
	at java.base/java.util.concurrent.locks.AbstractQueuedSynchronizer.release(AbstractQueuedSynchronizer.java:1302)
	at java.base/java.util.concurrent.locks.ReentrantLock.unlock(ReentrantLock.java:439)
	at edu.coursera.concurrent.ParBoruvka.computeBoruvka(ParBoruvka.java:42)
	at edu.coursera.concurrent.BoruvkaPerformanceTest.lambda$0(BoruvkaPerformanceTest.java:72)
	at java.base/java.lang.Thread.run(Thread.java:834)
Exception in thread "Thread-2" java.lang.IllegalMonitorStateException
	at java.base/java.util.concurrent.locks.ReentrantLock$Sync.tryRelease(ReentrantLock.java:149)
	at java.base/java.util.concurrent.locks.AbstractQueuedSynchronizer.release(AbstractQueuedSynchronizer.java:1302)
	at java.base/java.util.concurrent.locks.ReentrantLock.unlock(ReentrantLock.java:439)
	at edu.coursera.concurrent.ParBoruvka.computeBoruvka(ParBoruvka.java:42)
	at edu.coursera.concurrent.BoruvkaPerformanceTest.lambda$0(BoruvkaPerformanceTest.java:72)
	at java.base/java.lang.Thread.run(Thread.java:834)
Exception in thread "Thread-7" java.lang.IllegalMonitorStateException
	at java.base/java.util.concurrent.locks.ReentrantLock$Sync.tryRelease(ReentrantLock.java:149)
	at java.base/java.util.concurrent.locks.AbstractQueuedSynchronizer.release(AbstractQueuedSynchronizer.java:1302)
	at java.base/java.util.concurrent.locks.ReentrantLock.unlock(ReentrantLock.java:439)
	at edu.coursera.concurrent.ParBoruvka.computeBoruvka(ParBoruvka.java:42)
	at edu.coursera.concurrent.BoruvkaPerformanceTest.lambda$0(BoruvkaPerformanceTest.java:72)
	at java.base/java.lang.Thread.run(Thread.java:834)
Exception in thread "Thread-5" java.lang.IllegalMonitorStateException
	at java.base/java.util.concurrent.locks.ReentrantLock$Sync.tryRelease(ReentrantLock.java:149)
	at java.base/java.util.concurrent.locks.AbstractQueuedSynchronizer.release(AbstractQueuedSynchronizer.java:1302)
	at java.base/java.util.concurrent.locks.ReentrantLock.unlock(ReentrantLock.java:439)
	at edu.coursera.concurrent.ParBoruvka.computeBoruvka(ParBoruvka.java:42)
	at edu.coursera.concurrent.BoruvkaPerformanceTest.lambda$0(BoruvkaPerformanceTest.java:72)
	at java.base/java.lang.Thread.run(Thread.java:834)
Exception in thread "Thread-3" java.lang.IllegalMonitorStateException
	at java.base/java.util.concurrent.locks.ReentrantLock$Sync.tryRelease(ReentrantLock.java:149)
	at java.base/java.util.concurrent.locks.AbstractQueuedSynchronizer.release(AbstractQueuedSynchronizer.java:1302)
	at java.base/java.util.concurrent.locks.ReentrantLock.unlock(ReentrantLock.java:439)
	at edu.coursera.concurrent.ParBoruvka.computeBoruvka(ParBoruvka.java:42)
	at edu.coursera.concurrent.BoruvkaPerformanceTest.lambda$0(BoruvkaPerformanceTest.java:72)
	at java.base/java.lang.Thread.run(Thread.java:834)
Exception in thread "Thread-4" java.lang.IllegalMonitorStateException
	at java.base/java.util.concurrent.locks.ReentrantLock$Sync.tryRelease(ReentrantLock.java:149)
	at java.base/java.util.concurrent.locks.AbstractQueuedSynchronizer.release(AbstractQueuedSynchronizer.java:1302)
	at java.base/java.util.concurrent.locks.ReentrantLock.unlock(ReentrantLock.java:439)
	at edu.coursera.concurrent.ParBoruvka.computeBoruvka(ParBoruvka.java:42)
	at edu.coursera.concurrent.BoruvkaPerformanceTest.lambda$0(BoruvkaPerformanceTest.java:72)
	at java.base/java.lang.Thread.run(Thread.java:834)
Exception in thread "Thread-0" java.lang.IllegalMonitorStateException
	at java.base/java.util.concurrent.locks.ReentrantLock$Sync.tryRelease(ReentrantLock.java:149)
	at java.base/java.util.concurrent.locks.AbstractQueuedSynchronizer.release(AbstractQueuedSynchronizer.java:1302)
	at java.base/java.util.concurrent.locks.ReentrantLock.unlock(ReentrantLock.java:439)
	at edu.coursera.concurrent.ParBoruvka.computeBoruvka(ParBoruvka.java:42)
	at edu.coursera.concurrent.BoruvkaPerformanceTest.lambda$0(BoruvkaPerformanceTest.java:72)
	at java.base/java.lang.Thread.run(Thread.java:834)
  src/main/resources/boruvka/USA-road-d.FLA.gr.gz - edu.coursera.concurrent.ParBoruvka - 13
Exception in thread "Thread-10" java.lang.IllegalMonitorStateException
	at java.base/java.util.concurrent.locks.ReentrantLock$Sync.tryRelease(ReentrantLock.java:149)
	at java.base/java.util.concurrent.locks.AbstractQueuedSynchronizer.release(AbstractQueuedSynchronizer.java:1302)
	at java.base/java.util.concurrent.locks.ReentrantLock.unlock(ReentrantLock.java:439)
	at edu.coursera.concurrent.ParBoruvka.computeBoruvka(ParBoruvka.java:42)
	at edu.coursera.concurrent.BoruvkaPerformanceTest.lambda$0(BoruvkaPerformanceTest.java:72)
	at java.base/java.lang.Thread.run(Thread.java:834)
Exception in thread "Thread-9" java.lang.IllegalMonitorStateException
	at java.base/java.util.concurrent.locks.ReentrantLock$Sync.tryRelease(ReentrantLock.java:149)
	at java.base/java.util.concurrent.locks.AbstractQueuedSynchronizer.release(AbstractQueuedSynchronizer.java:1302)
	at java.base/java.util.concurrent.locks.ReentrantLock.unlock(ReentrantLock.java:439)
	at edu.coursera.concurrent.ParBoruvka.computeBoruvka(ParBoruvka.java:42)
	at edu.coursera.concurrent.BoruvkaPerformanceTest.lambda$0(BoruvkaPerformanceTest.java:72)
	at java.base/java.lang.Thread.run(Thread.java:834)
Exception in thread "Thread-11" Exception in thread "Thread-8" java.lang.IllegalMonitorStateException
	at java.base/java.util.concurrent.locks.ReentrantLock$Sync.tryRelease(ReentrantLock.java:149)
	at java.base/java.util.concurrent.locks.AbstractQueuedSynchronizer.release(AbstractQueuedSynchronizer.java:1302)
	at java.base/java.util.concurrent.locks.ReentrantLock.unlock(ReentrantLock.java:439)
	at edu.coursera.concurrent.ParBoruvka.computeBoruvka(ParBoruvka.java:42)
	at edu.coursera.concurrent.BoruvkaPerformanceTest.lambda$0(BoruvkaPerformanceTest.java:72)
	at java.base/java.lang.Thread.run(Thread.java:834)
Exception in thread "Thread-15" java.lang.IllegalMonitorStateException
	at java.base/java.util.concurrent.locks.ReentrantLock$Sync.tryRelease(ReentrantLock.java:149)
	at java.base/java.util.concurrent.locks.AbstractQueuedSynchronizer.release(AbstractQueuedSynchronizer.java:1302)
	at java.base/java.util.concurrent.locks.ReentrantLock.unlock(ReentrantLock.java:439)
	at edu.coursera.concurrent.ParBoruvka.computeBoruvka(ParBoruvka.java:42)
	at edu.coursera.concurrent.BoruvkaPerformanceTest.lambda$0(BoruvkaPerformanceTest.java:72)
	at java.base/java.lang.Thread.run(Thread.java:834)
Exception in thread "Thread-12" java.lang.IllegalMonitorStateException
	at java.base/java.util.concurrent.locks.ReentrantLock$Sync.tryRelease(ReentrantLock.java:149)
	at java.base/java.util.concurrent.locks.AbstractQueuedSynchronizer.release(AbstractQueuedSynchronizer.java:1302)
	at java.base/java.util.concurrent.locks.ReentrantLock.unlock(ReentrantLock.java:439)
	at edu.coursera.concurrent.ParBoruvka.computeBoruvka(ParBoruvka.java:42)
	at edu.coursera.concurrent.BoruvkaPerformanceTest.lambda$0(BoruvkaPerformanceTest.java:72)
	at java.base/java.lang.Thread.run(Thread.java:834)
Exception in thread "Thread-13" java.lang.IllegalMonitorStateException
	at java.base/java.util.concurrent.locks.ReentrantLock$Sync.tryRelease(ReentrantLock.java:149)
	at java.base/java.util.concurrent.locks.AbstractQueuedSynchronizer.release(AbstractQueuedSynchronizer.java:1302)
	at java.base/java.util.concurrent.locks.ReentrantLock.unlock(ReentrantLock.java:439)
	at edu.coursera.concurrent.ParBoruvka.computeBoruvka(ParBoruvka.java:42)
	at edu.coursera.concurrent.BoruvkaPerformanceTest.lambda$0(BoruvkaPerformanceTest.java:72)
	at java.base/java.lang.Thread.run(Thread.java:834)
Exception in thread "Thread-14" java.lang.IllegalMonitorStateException
	at java.base/java.util.concurrent.locks.ReentrantLock$Sync.tryRelease(ReentrantLock.java:149)
	at java.base/java.util.concurrent.locks.AbstractQueuedSynchronizer.release(AbstractQueuedSynchronizer.java:1302)
	at java.base/java.util.concurrent.locks.ReentrantLock.unlock(ReentrantLock.java:439)
	at edu.coursera.concurrent.ParBoruvka.computeBoruvka(ParBoruvka.java:42)
	at edu.coursera.concurrent.BoruvkaPerformanceTest.lambda$0(BoruvkaPerformanceTest.java:72)
	at java.base/java.lang.Thread.run(Thread.java:834)
java.lang.IllegalMonitorStateException
	at java.base/java.util.concurrent.locks.ReentrantLock$Sync.tryRelease(ReentrantLock.java:149)
	at java.base/java.util.concurrent.locks.AbstractQueuedSynchronizer.release(AbstractQueuedSynchronizer.java:1302)
	at java.base/java.util.concurrent.locks.ReentrantLock.unlock(ReentrantLock.java:439)
	at edu.coursera.concurrent.ParBoruvka.computeBoruvka(ParBoruvka.java:42)
	at edu.coursera.concurrent.BoruvkaPerformanceTest.lambda$0(BoruvkaPerformanceTest.java:72)
	at java.base/java.lang.Thread.run(Thread.java:834)
  src/main/resources/boruvka/USA-road-d.FLA.gr.gz - edu.coursera.concurrent.ParBoruvka - 13
Exception in thread "Thread-16" Exception in thread "Thread-17" java.lang.IllegalMonitorStateException
	at java.base/java.util.concurrent.locks.ReentrantLock$Sync.tryRelease(ReentrantLock.java:149)
	at java.base/java.util.concurrent.locks.AbstractQueuedSynchronizer.release(AbstractQueuedSynchronizer.java:1302)
	at java.base/java.util.concurrent.locks.ReentrantLock.unlock(ReentrantLock.java:439)
	at edu.coursera.concurrent.ParBoruvka.computeBoruvka(ParBoruvka.java:42)
	at edu.coursera.concurrent.BoruvkaPerformanceTest.lambda$0(BoruvkaPerformanceTest.java:72)
	at java.base/java.lang.Thread.run(Thread.java:834)
Exception in thread "Thread-22" Exception in thread "Thread-19" java.lang.IllegalMonitorStateException
	at java.base/java.util.concurrent.locks.ReentrantLock$Sync.tryRelease(ReentrantLock.java:149)
	at java.base/java.util.concurrent.locks.AbstractQueuedSynchronizer.release(AbstractQueuedSynchronizer.java:1302)
	at java.base/java.util.concurrent.locks.ReentrantLock.unlock(ReentrantLock.java:439)
	at edu.coursera.concurrent.ParBoruvka.computeBoruvka(ParBoruvka.java:42)
	at edu.coursera.concurrent.BoruvkaPerformanceTest.lambda$0(BoruvkaPerformanceTest.java:72)
	at java.base/java.lang.Thread.run(Thread.java:834)
java.lang.IllegalMonitorStateException
	at java.base/java.util.concurrent.locks.ReentrantLock$Sync.tryRelease(ReentrantLock.java:149)
	at java.base/java.util.concurrent.locks.AbstractQueuedSynchronizer.release(AbstractQueuedSynchronizer.java:1302)
	at java.base/java.util.concurrent.locks.ReentrantLock.unlock(ReentrantLock.java:439)
	at edu.coursera.concurrent.ParBoruvka.computeBoruvka(ParBoruvka.java:42)
	at edu.coursera.concurrent.BoruvkaPerformanceTest.lambda$0(BoruvkaPerformanceTest.java:72)
	at java.base/java.lang.Thread.run(Thread.java:834)
Exception in thread "Thread-20" Exception in thread "Thread-23" java.lang.IllegalMonitorStateException
	at java.base/java.util.concurrent.locks.ReentrantLock$Sync.tryRelease(ReentrantLock.java:149)
	at java.base/java.util.concurrent.locks.AbstractQueuedSynchronizer.release(AbstractQueuedSynchronizer.java:1302)
	at java.base/java.util.concurrent.locks.ReentrantLock.unlock(ReentrantLock.java:439)
	at edu.coursera.concurrent.ParBoruvka.computeBoruvka(ParBoruvka.java:42)
	at edu.coursera.concurrent.BoruvkaPerformanceTest.lambda$0(BoruvkaPerformanceTest.java:72)
	at java.base/java.lang.Thread.run(Thread.java:834)
java.lang.IllegalMonitorStateException
	at java.base/java.util.concurrent.locks.ReentrantLock$Sync.tryRelease(ReentrantLock.java:149)
	at java.base/java.util.concurrent.locks.AbstractQueuedSynchronizer.release(AbstractQueuedSynchronizer.java:1302)
	at java.base/java.util.concurrent.locks.ReentrantLock.unlock(ReentrantLock.java:439)
	at edu.coursera.concurrent.ParBoruvka.computeBoruvka(ParBoruvka.java:42)
	at edu.coursera.concurrent.BoruvkaPerformanceTest.lambda$0(BoruvkaPerformanceTest.java:72)
	at java.base/java.lang.Thread.run(Thread.java:834)
Exception in thread "Thread-21" java.lang.IllegalMonitorStateException
	at java.base/java.util.concurrent.locks.ReentrantLock$Sync.tryRelease(ReentrantLock.java:149)
	at java.base/java.util.concurrent.locks.AbstractQueuedSynchronizer.release(AbstractQueuedSynchronizer.java:1302)
	at java.base/java.util.concurrent.locks.ReentrantLock.unlock(ReentrantLock.java:439)
	at edu.coursera.concurrent.ParBoruvka.computeBoruvka(ParBoruvka.java:42)
	at edu.coursera.concurrent.BoruvkaPerformanceTest.lambda$0(BoruvkaPerformanceTest.java:72)
	at java.base/java.lang.Thread.run(Thread.java:834)
java.lang.IllegalMonitorStateException
	at java.base/java.util.concurrent.locks.ReentrantLock$Sync.tryRelease(ReentrantLock.java:149)
	at java.base/java.util.concurrent.locks.AbstractQueuedSynchronizer.release(AbstractQueuedSynchronizer.java:1302)
	at java.base/java.util.concurrent.locks.ReentrantLock.unlock(ReentrantLock.java:439)
	at edu.coursera.concurrent.ParBoruvka.computeBoruvka(ParBoruvka.java:42)
	at edu.coursera.concurrent.BoruvkaPerformanceTest.lambda$0(BoruvkaPerformanceTest.java:72)
	at java.base/java.lang.Thread.run(Thread.java:834)
Exception in thread "Thread-18" java.lang.IllegalMonitorStateException
	at java.base/java.util.concurrent.locks.ReentrantLock$Sync.tryRelease(ReentrantLock.java:149)
	at java.base/java.util.concurrent.locks.AbstractQueuedSynchronizer.release(AbstractQueuedSynchronizer.java:1302)
	at java.base/java.util.concurrent.locks.ReentrantLock.unlock(ReentrantLock.java:439)
	at edu.coursera.concurrent.ParBoruvka.computeBoruvka(ParBoruvka.java:42)
	at edu.coursera.concurrent.BoruvkaPerformanceTest.lambda$0(BoruvkaPerformanceTest.java:72)
	at java.base/java.lang.Thread.run(Thread.java:834)
  src/main/resources/boruvka/USA-road-d.FLA.gr.gz - edu.coursera.concurrent.ParBoruvka - 7
Exception in thread "Thread-28" java.lang.IllegalMonitorStateException
	at java.base/java.util.concurrent.locks.ReentrantLock$Sync.tryRelease(ReentrantLock.java:149)
	at java.base/java.util.concurrent.locks.AbstractQueuedSynchronizer.release(AbstractQueuedSynchronizer.java:1302)
	at java.base/java.util.concurrent.locks.ReentrantLock.unlock(ReentrantLock.java:439)
	at edu.coursera.concurrent.ParBoruvka.computeBoruvka(ParBoruvka.java:42)
	at edu.coursera.concurrent.BoruvkaPerformanceTest.lambda$0(BoruvkaPerformanceTest.java:72)
	at java.base/java.lang.Thread.run(Thread.java:834)
Exception in thread "Thread-31" java.lang.IllegalMonitorStateException
	at java.base/java.util.concurrent.locks.ReentrantLock$Sync.tryRelease(ReentrantLock.java:149)
	at java.base/java.util.concurrent.locks.AbstractQueuedSynchronizer.release(AbstractQueuedSynchronizer.java:1302)
	at java.base/java.util.concurrent.locks.ReentrantLock.unlock(ReentrantLock.java:439)
	at edu.coursera.concurrent.ParBoruvka.computeBoruvka(ParBoruvka.java:42)
	at edu.coursera.concurrent.BoruvkaPerformanceTest.lambda$0(BoruvkaPerformanceTest.java:72)
	at java.base/java.lang.Thread.run(Thread.java:834)
Exception in thread "Thread-27" Exception in thread "Thread-30" java.lang.IllegalMonitorStateException
	at java.base/java.util.concurrent.locks.ReentrantLock$Sync.tryRelease(ReentrantLock.java:149)
	at java.base/java.util.concurrent.locks.AbstractQueuedSynchronizer.release(AbstractQueuedSynchronizer.java:1302)
	at java.base/java.util.concurrent.locks.ReentrantLock.unlock(ReentrantLock.java:439)
	at edu.coursera.concurrent.ParBoruvka.computeBoruvka(ParBoruvka.java:42)
	at edu.coursera.concurrent.BoruvkaPerformanceTest.lambda$0(BoruvkaPerformanceTest.java:72)
	at java.base/java.lang.Thread.run(Thread.java:834)
Exception in thread "Thread-24" Exception in thread "Thread-26" java.lang.IllegalMonitorStateException
	at java.base/java.util.concurrent.locks.ReentrantLock$Sync.tryRelease(ReentrantLock.java:149)
	at java.base/java.util.concurrent.locks.AbstractQueuedSynchronizer.release(AbstractQueuedSynchronizer.java:1302)
	at java.base/java.util.concurrent.locks.ReentrantLock.unlock(ReentrantLock.java:439)
	at edu.coursera.concurrent.ParBoruvka.computeBoruvka(ParBoruvka.java:42)
	at edu.coursera.concurrent.BoruvkaPerformanceTest.lambda$0(BoruvkaPerformanceTest.java:72)
	at java.base/java.lang.Thread.run(Thread.java:834)
java.lang.IllegalMonitorStateException
	at java.base/java.util.concurrent.locks.ReentrantLock$Sync.tryRelease(ReentrantLock.java:149)
	at java.base/java.util.concurrent.locks.AbstractQueuedSynchronizer.release(AbstractQueuedSynchronizer.java:1302)
	at java.base/java.util.concurrent.locks.ReentrantLock.unlock(ReentrantLock.java:439)
	at edu.coursera.concurrent.ParBoruvka.computeBoruvka(ParBoruvka.java:42)
	at edu.coursera.concurrent.BoruvkaPerformanceTest.lambda$0(BoruvkaPerformanceTest.java:72)
	at java.base/java.lang.Thread.run(Thread.java:834)
Exception in thread "Thread-29" Exception in thread "Thread-25" java.lang.IllegalMonitorStateException
	at java.base/java.util.concurrent.locks.ReentrantLock$Sync.tryRelease(ReentrantLock.java:149)
	at java.base/java.util.concurrent.locks.AbstractQueuedSynchronizer.release(AbstractQueuedSynchronizer.java:1302)
	at java.base/java.util.concurrent.locks.ReentrantLock.unlock(ReentrantLock.java:439)
	at edu.coursera.concurrent.ParBoruvka.computeBoruvka(ParBoruvka.java:42)
	at edu.coursera.concurrent.BoruvkaPerformanceTest.lambda$0(BoruvkaPerformanceTest.java:72)
	at java.base/java.lang.Thread.run(Thread.java:834)
java.lang.IllegalMonitorStateException
	at java.base/java.util.concurrent.locks.ReentrantLock$Sync.tryRelease(ReentrantLock.java:149)
	at java.base/java.util.concurrent.locks.AbstractQueuedSynchronizer.release(AbstractQueuedSynchronizer.java:1302)
	at java.base/java.util.concurrent.locks.ReentrantLock.unlock(ReentrantLock.java:439)
	at edu.coursera.concurrent.ParBoruvka.computeBoruvka(ParBoruvka.java:42)
	at edu.coursera.concurrent.BoruvkaPerformanceTest.lambda$0(BoruvkaPerformanceTest.java:72)
	at java.base/java.lang.Thread.run(Thread.java:834)
java.lang.IllegalMonitorStateException
	at java.base/java.util.concurrent.locks.ReentrantLock$Sync.tryRelease(ReentrantLock.java:149)
	at java.base/java.util.concurrent.locks.AbstractQueuedSynchronizer.release(AbstractQueuedSynchronizer.java:1302)
	at java.base/java.util.concurrent.locks.ReentrantLock.unlock(ReentrantLock.java:439)
	at edu.coursera.concurrent.ParBoruvka.computeBoruvka(ParBoruvka.java:42)
	at edu.coursera.concurrent.BoruvkaPerformanceTest.lambda$0(BoruvkaPerformanceTest.java:72)
	at java.base/java.lang.Thread.run(Thread.java:834)
  src/main/resources/boruvka/USA-road-d.FLA.gr.gz - edu.coursera.concurrent.ParBoruvka - 5
Exception in thread "Thread-35" java.lang.IllegalMonitorStateException
	at java.base/java.util.concurrent.locks.ReentrantLock$Sync.tryRelease(ReentrantLock.java:149)
	at java.base/java.util.concurrent.locks.AbstractQueuedSynchronizer.release(AbstractQueuedSynchronizer.java:1302)
	at java.base/java.util.concurrent.locks.ReentrantLock.unlock(ReentrantLock.java:439)
	at edu.coursera.concurrent.ParBoruvka.computeBoruvka(ParBoruvka.java:42)
	at edu.coursera.concurrent.BoruvkaPerformanceTest.lambda$0(BoruvkaPerformanceTest.java:72)
	at java.base/java.lang.Thread.run(Thread.java:834)
Exception in thread "Thread-37" Exception in thread "Thread-34" java.lang.IllegalMonitorStateException
	at java.base/java.util.concurrent.locks.ReentrantLock$Sync.tryRelease(ReentrantLock.java:149)
	at java.base/java.util.concurrent.locks.AbstractQueuedSynchronizer.release(AbstractQueuedSynchronizer.java:1302)
	at java.base/java.util.concurrent.locks.ReentrantLock.unlock(ReentrantLock.java:439)
	at edu.coursera.concurrent.ParBoruvka.computeBoruvka(ParBoruvka.java:42)
	at edu.coursera.concurrent.BoruvkaPerformanceTest.lambda$0(BoruvkaPerformanceTest.java:72)
	at java.base/java.lang.Thread.run(Thread.java:834)
Exception in thread "Thread-36" java.lang.IllegalMonitorStateException
	at java.base/java.util.concurrent.locks.ReentrantLock$Sync.tryRelease(ReentrantLock.java:149)
	at java.base/java.util.concurrent.locks.AbstractQueuedSynchronizer.release(AbstractQueuedSynchronizer.java:1302)
	at java.base/java.util.concurrent.locks.ReentrantLock.unlock(ReentrantLock.java:439)
	at edu.coursera.concurrent.ParBoruvka.computeBoruvka(ParBoruvka.java:42)
	at edu.coursera.concurrent.BoruvkaPerformanceTest.lambda$0(BoruvkaPerformanceTest.java:72)
	at java.base/java.lang.Thread.run(Thread.java:834)
Exception in thread "Thread-38" Exception in thread "Thread-32" java.lang.IllegalMonitorStateException
	at java.base/java.util.concurrent.locks.ReentrantLock$Sync.tryRelease(ReentrantLock.java:149)
	at java.base/java.util.concurrent.locks.AbstractQueuedSynchronizer.release(AbstractQueuedSynchronizer.java:1302)
	at java.base/java.util.concurrent.locks.ReentrantLock.unlock(ReentrantLock.java:439)
	at edu.coursera.concurrent.ParBoruvka.computeBoruvka(ParBoruvka.java:42)
	at edu.coursera.concurrent.BoruvkaPerformanceTest.lambda$0(BoruvkaPerformanceTest.java:72)
	at java.base/java.lang.Thread.run(Thread.java:834)
Exception in thread "Thread-39" Exception in thread "Thread-33" java.lang.IllegalMonitorStateException
	at java.base/java.util.concurrent.locks.ReentrantLock$Sync.tryRelease(ReentrantLock.java:149)
	at java.base/java.util.concurrent.locks.AbstractQueuedSynchronizer.release(AbstractQueuedSynchronizer.java:1302)
	at java.base/java.util.concurrent.locks.ReentrantLock.unlock(ReentrantLock.java:439)
	at edu.coursera.concurrent.ParBoruvka.computeBoruvka(ParBoruvka.java:42)
	at edu.coursera.concurrent.BoruvkaPerformanceTest.lambda$0(BoruvkaPerformanceTest.java:72)
	at java.base/java.lang.Thread.run(Thread.java:834)
java.lang.IllegalMonitorStateException
	at java.base/java.util.concurrent.locks.ReentrantLock$Sync.tryRelease(ReentrantLock.java:149)
	at java.base/java.util.concurrent.locks.AbstractQueuedSynchronizer.release(AbstractQueuedSynchronizer.java:1302)
	at java.base/java.util.concurrent.locks.ReentrantLock.unlock(ReentrantLock.java:439)
	at edu.coursera.concurrent.ParBoruvka.computeBoruvka(ParBoruvka.java:42)
	at edu.coursera.concurrent.BoruvkaPerformanceTest.lambda$0(BoruvkaPerformanceTest.java:72)
	at java.base/java.lang.Thread.run(Thread.java:834)
java.lang.IllegalMonitorStateException
	at java.base/java.util.concurrent.locks.ReentrantLock$Sync.tryRelease(ReentrantLock.java:149)
	at java.base/java.util.concurrent.locks.AbstractQueuedSynchronizer.release(AbstractQueuedSynchronizer.java:1302)
	at java.base/java.util.concurrent.locks.ReentrantLock.unlock(ReentrantLock.java:439)
	at edu.coursera.concurrent.ParBoruvka.computeBoruvka(ParBoruvka.java:42)
	at edu.coursera.concurrent.BoruvkaPerformanceTest.lambda$0(BoruvkaPerformanceTest.java:72)
	at java.base/java.lang.Thread.run(Thread.java:834)
java.lang.IllegalMonitorStateException
	at java.base/java.util.concurrent.locks.ReentrantLock$Sync.tryRelease(ReentrantLock.java:149)
	at java.base/java.util.concurrent.locks.AbstractQueuedSynchronizer.release(AbstractQueuedSynchronizer.java:1302)
	at java.base/java.util.concurrent.locks.ReentrantLock.unlock(ReentrantLock.java:439)
	at edu.coursera.concurrent.ParBoruvka.computeBoruvka(ParBoruvka.java:42)
	at edu.coursera.concurrent.BoruvkaPerformanceTest.lambda$0(BoruvkaPerformanceTest.java:72)
	at java.base/java.lang.Thread.run(Thread.java:834)
  src/main/resources/boruvka/USA-road-d.FLA.gr.gz - edu.coursera.concurrent.ParBoruvka - 4
]]></system-err>
  </testcase>
  <testcase name="testInputUSAroadNE" classname="edu.coursera.concurrent.BoruvkaPerformanceTest" time="39.997">
    <error type="java.lang.AssertionError">java.lang.AssertionError
	at edu.coursera.concurrent.BoruvkaPerformanceTest.driver(BoruvkaPerformanceTest.java:93)
	at edu.coursera.concurrent.BoruvkaPerformanceTest.testInputUSAroadNE(BoruvkaPerformanceTest.java:119)
</error>
    <system-err><![CDATA[  src/main/resources/boruvka/USA-road-d.NE.gr.gz - edu.coursera.concurrent.boruvka.sequential.SeqBoruvka - 1816
  src/main/resources/boruvka/USA-road-d.NE.gr.gz - edu.coursera.concurrent.boruvka.sequential.SeqBoruvka - 1587
  src/main/resources/boruvka/USA-road-d.NE.gr.gz - edu.coursera.concurrent.boruvka.sequential.SeqBoruvka - 1754
  src/main/resources/boruvka/USA-road-d.NE.gr.gz - edu.coursera.concurrent.boruvka.sequential.SeqBoruvka - 1398
  src/main/resources/boruvka/USA-road-d.NE.gr.gz - edu.coursera.concurrent.boruvka.sequential.SeqBoruvka - 1418
Exception in thread "Thread-40" java.lang.IllegalMonitorStateException
	at java.base/java.util.concurrent.locks.ReentrantLock$Sync.tryRelease(ReentrantLock.java:149)
	at java.base/java.util.concurrent.locks.AbstractQueuedSynchronizer.release(AbstractQueuedSynchronizer.java:1302)
	at java.base/java.util.concurrent.locks.ReentrantLock.unlock(ReentrantLock.java:439)
	at edu.coursera.concurrent.ParBoruvka.computeBoruvka(ParBoruvka.java:42)
	at edu.coursera.concurrent.BoruvkaPerformanceTest.lambda$0(BoruvkaPerformanceTest.java:72)
	at java.base/java.lang.Thread.run(Thread.java:834)
Exception in thread "Thread-45" Exception in thread "Thread-47" java.lang.IllegalMonitorStateException
	at java.base/java.util.concurrent.locks.ReentrantLock$Sync.tryRelease(ReentrantLock.java:149)
	at java.base/java.util.concurrent.locks.AbstractQueuedSynchronizer.release(AbstractQueuedSynchronizer.java:1302)
	at java.base/java.util.concurrent.locks.ReentrantLock.unlock(ReentrantLock.java:439)
	at edu.coursera.concurrent.ParBoruvka.computeBoruvka(ParBoruvka.java:42)
	at edu.coursera.concurrent.BoruvkaPerformanceTest.lambda$0(BoruvkaPerformanceTest.java:72)
	at java.base/java.lang.Thread.run(Thread.java:834)
Exception in thread "Thread-42" Exception in thread "Thread-41" java.lang.IllegalMonitorStateException
	at java.base/java.util.concurrent.locks.ReentrantLock$Sync.tryRelease(ReentrantLock.java:149)
	at java.base/java.util.concurrent.locks.AbstractQueuedSynchronizer.release(AbstractQueuedSynchronizer.java:1302)
	at java.base/java.util.concurrent.locks.ReentrantLock.unlock(ReentrantLock.java:439)
	at edu.coursera.concurrent.ParBoruvka.computeBoruvka(ParBoruvka.java:42)
	at edu.coursera.concurrent.BoruvkaPerformanceTest.lambda$0(BoruvkaPerformanceTest.java:72)
	at java.base/java.lang.Thread.run(Thread.java:834)
Exception in thread "Thread-46" Exception in thread "Thread-43" java.lang.IllegalMonitorStateException
	at java.base/java.util.concurrent.locks.ReentrantLock$Sync.tryRelease(ReentrantLock.java:149)
	at java.base/java.util.concurrent.locks.AbstractQueuedSynchronizer.release(AbstractQueuedSynchronizer.java:1302)
	at java.base/java.util.concurrent.locks.ReentrantLock.unlock(ReentrantLock.java:439)
	at edu.coursera.concurrent.ParBoruvka.computeBoruvka(ParBoruvka.java:42)
	at edu.coursera.concurrent.BoruvkaPerformanceTest.lambda$0(BoruvkaPerformanceTest.java:72)
	at java.base/java.lang.Thread.run(Thread.java:834)
java.lang.IllegalMonitorStateException
	at java.base/java.util.concurrent.locks.ReentrantLock$Sync.tryRelease(ReentrantLock.java:149)
	at java.base/java.util.concurrent.locks.AbstractQueuedSynchronizer.release(AbstractQueuedSynchronizer.java:1302)
	at java.base/java.util.concurrent.locks.ReentrantLock.unlock(ReentrantLock.java:439)
	at edu.coursera.concurrent.ParBoruvka.computeBoruvka(ParBoruvka.java:42)
	at edu.coursera.concurrent.BoruvkaPerformanceTest.lambda$0(BoruvkaPerformanceTest.java:72)
	at java.base/java.lang.Thread.run(Thread.java:834)
Exception in thread "Thread-44" java.lang.IllegalMonitorStateException
	at java.base/java.util.concurrent.locks.ReentrantLock$Sync.tryRelease(ReentrantLock.java:149)
	at java.base/java.util.concurrent.locks.AbstractQueuedSynchronizer.release(AbstractQueuedSynchronizer.java:1302)
	at java.base/java.util.concurrent.locks.ReentrantLock.unlock(ReentrantLock.java:439)
	at edu.coursera.concurrent.ParBoruvka.computeBoruvka(ParBoruvka.java:42)
	at edu.coursera.concurrent.BoruvkaPerformanceTest.lambda$0(BoruvkaPerformanceTest.java:72)
	at java.base/java.lang.Thread.run(Thread.java:834)
java.lang.IllegalMonitorStateException
	at java.base/java.util.concurrent.locks.ReentrantLock$Sync.tryRelease(ReentrantLock.java:149)
	at java.base/java.util.concurrent.locks.AbstractQueuedSynchronizer.release(AbstractQueuedSynchronizer.java:1302)
	at java.base/java.util.concurrent.locks.ReentrantLock.unlock(ReentrantLock.java:439)
	at edu.coursera.concurrent.ParBoruvka.computeBoruvka(ParBoruvka.java:42)
	at edu.coursera.concurrent.BoruvkaPerformanceTest.lambda$0(BoruvkaPerformanceTest.java:72)
	at java.base/java.lang.Thread.run(Thread.java:834)
java.lang.IllegalMonitorStateException
	at java.base/java.util.concurrent.locks.ReentrantLock$Sync.tryRelease(ReentrantLock.java:149)
	at java.base/java.util.concurrent.locks.AbstractQueuedSynchronizer.release(AbstractQueuedSynchronizer.java:1302)
	at java.base/java.util.concurrent.locks.ReentrantLock.unlock(ReentrantLock.java:439)
	at edu.coursera.concurrent.ParBoruvka.computeBoruvka(ParBoruvka.java:42)
	at edu.coursera.concurrent.BoruvkaPerformanceTest.lambda$0(BoruvkaPerformanceTest.java:72)
	at java.base/java.lang.Thread.run(Thread.java:834)
  src/main/resources/boruvka/USA-road-d.NE.gr.gz - edu.coursera.concurrent.ParBoruvka - 6
Exception in thread "Thread-49" java.lang.IllegalMonitorStateException
	at java.base/java.util.concurrent.locks.ReentrantLock$Sync.tryRelease(ReentrantLock.java:149)
	at java.base/java.util.concurrent.locks.AbstractQueuedSynchronizer.release(AbstractQueuedSynchronizer.java:1302)
	at java.base/java.util.concurrent.locks.ReentrantLock.unlock(ReentrantLock.java:439)
	at edu.coursera.concurrent.ParBoruvka.computeBoruvka(ParBoruvka.java:42)
	at edu.coursera.concurrent.BoruvkaPerformanceTest.lambda$0(BoruvkaPerformanceTest.java:72)
	at java.base/java.lang.Thread.run(Thread.java:834)
Exception in thread "Thread-53" java.lang.IllegalMonitorStateException
	at java.base/java.util.concurrent.locks.ReentrantLock$Sync.tryRelease(ReentrantLock.java:149)
	at java.base/java.util.concurrent.locks.AbstractQueuedSynchronizer.release(AbstractQueuedSynchronizer.java:1302)
	at java.base/java.util.concurrent.locks.ReentrantLock.unlock(ReentrantLock.java:439)
	at edu.coursera.concurrent.ParBoruvka.computeBoruvka(ParBoruvka.java:42)
	at edu.coursera.concurrent.BoruvkaPerformanceTest.lambda$0(BoruvkaPerformanceTest.java:72)
	at java.base/java.lang.Thread.run(Thread.java:834)
Exception in thread "Thread-50" java.lang.IllegalMonitorStateException
	at java.base/java.util.concurrent.locks.ReentrantLock$Sync.tryRelease(ReentrantLock.java:149)
	at java.base/java.util.concurrent.locks.AbstractQueuedSynchronizer.release(AbstractQueuedSynchronizer.java:1302)
	at java.base/java.util.concurrent.locks.ReentrantLock.unlock(ReentrantLock.java:439)
	at edu.coursera.concurrent.ParBoruvka.computeBoruvka(ParBoruvka.java:42)
	at edu.coursera.concurrent.BoruvkaPerformanceTest.lambda$0(BoruvkaPerformanceTest.java:72)
	at java.base/java.lang.Thread.run(Thread.java:834)
Exception in thread "Thread-52" java.lang.IllegalMonitorStateException
	at java.base/java.util.concurrent.locks.ReentrantLock$Sync.tryRelease(ReentrantLock.java:149)
	at java.base/java.util.concurrent.locks.AbstractQueuedSynchronizer.release(AbstractQueuedSynchronizer.java:1302)
	at java.base/java.util.concurrent.locks.ReentrantLock.unlock(ReentrantLock.java:439)
	at edu.coursera.concurrent.ParBoruvka.computeBoruvka(ParBoruvka.java:42)
	at edu.coursera.concurrent.BoruvkaPerformanceTest.lambda$0(BoruvkaPerformanceTest.java:72)
	at java.base/java.lang.Thread.run(Thread.java:834)
Exception in thread "Thread-51" java.lang.IllegalMonitorStateException
	at java.base/java.util.concurrent.locks.ReentrantLock$Sync.tryRelease(ReentrantLock.java:149)
	at java.base/java.util.concurrent.locks.AbstractQueuedSynchronizer.release(AbstractQueuedSynchronizer.java:1302)
	at java.base/java.util.concurrent.locks.ReentrantLock.unlock(ReentrantLock.java:439)
	at edu.coursera.concurrent.ParBoruvka.computeBoruvka(ParBoruvka.java:42)
	at edu.coursera.concurrent.BoruvkaPerformanceTest.lambda$0(BoruvkaPerformanceTest.java:72)
	at java.base/java.lang.Thread.run(Thread.java:834)
Exception in thread "Thread-54" java.lang.IllegalMonitorStateException
	at java.base/java.util.concurrent.locks.ReentrantLock$Sync.tryRelease(ReentrantLock.java:149)
	at java.base/java.util.concurrent.locks.AbstractQueuedSynchronizer.release(AbstractQueuedSynchronizer.java:1302)
	at java.base/java.util.concurrent.locks.ReentrantLock.unlock(ReentrantLock.java:439)
	at edu.coursera.concurrent.ParBoruvka.computeBoruvka(ParBoruvka.java:42)
	at edu.coursera.concurrent.BoruvkaPerformanceTest.lambda$0(BoruvkaPerformanceTest.java:72)
	at java.base/java.lang.Thread.run(Thread.java:834)
Exception in thread "Thread-48" java.lang.IllegalMonitorStateException
	at java.base/java.util.concurrent.locks.ReentrantLock$Sync.tryRelease(ReentrantLock.java:149)
	at java.base/java.util.concurrent.locks.AbstractQueuedSynchronizer.release(AbstractQueuedSynchronizer.java:1302)
	at java.base/java.util.concurrent.locks.ReentrantLock.unlock(ReentrantLock.java:439)
	at edu.coursera.concurrent.ParBoruvka.computeBoruvka(ParBoruvka.java:42)
	at edu.coursera.concurrent.BoruvkaPerformanceTest.lambda$0(BoruvkaPerformanceTest.java:72)
	at java.base/java.lang.Thread.run(Thread.java:834)
Exception in thread "Thread-55" java.lang.IllegalMonitorStateException
	at java.base/java.util.concurrent.locks.ReentrantLock$Sync.tryRelease(ReentrantLock.java:149)
	at java.base/java.util.concurrent.locks.AbstractQueuedSynchronizer.release(AbstractQueuedSynchronizer.java:1302)
	at java.base/java.util.concurrent.locks.ReentrantLock.unlock(ReentrantLock.java:439)
	at edu.coursera.concurrent.ParBoruvka.computeBoruvka(ParBoruvka.java:42)
	at edu.coursera.concurrent.BoruvkaPerformanceTest.lambda$0(BoruvkaPerformanceTest.java:72)
	at java.base/java.lang.Thread.run(Thread.java:834)
  src/main/resources/boruvka/USA-road-d.NE.gr.gz - edu.coursera.concurrent.ParBoruvka - 6
Exception in thread "Thread-56" Exception in thread "Thread-58" java.lang.IllegalMonitorStateException
	at java.base/java.util.concurrent.locks.ReentrantLock$Sync.tryRelease(ReentrantLock.java:149)
	at java.base/java.util.concurrent.locks.AbstractQueuedSynchronizer.release(AbstractQueuedSynchronizer.java:1302)
	at java.base/java.util.concurrent.locks.ReentrantLock.unlock(ReentrantLock.java:439)
	at edu.coursera.concurrent.ParBoruvka.computeBoruvka(ParBoruvka.java:42)
	at edu.coursera.concurrent.BoruvkaPerformanceTest.lambda$0(BoruvkaPerformanceTest.java:72)
	at java.base/java.lang.Thread.run(Thread.java:834)
Exception in thread "Thread-59" java.lang.IllegalMonitorStateException
	at java.base/java.util.concurrent.locks.ReentrantLock$Sync.tryRelease(ReentrantLock.java:149)
	at java.base/java.util.concurrent.locks.AbstractQueuedSynchronizer.release(AbstractQueuedSynchronizer.java:1302)
	at java.base/java.util.concurrent.locks.ReentrantLock.unlock(ReentrantLock.java:439)
	at edu.coursera.concurrent.ParBoruvka.computeBoruvka(ParBoruvka.java:42)
	at edu.coursera.concurrent.BoruvkaPerformanceTest.lambda$0(BoruvkaPerformanceTest.java:72)
	at java.base/java.lang.Thread.run(Thread.java:834)
Exception in thread "Thread-62" java.lang.IllegalMonitorStateException
	at java.base/java.util.concurrent.locks.ReentrantLock$Sync.tryRelease(ReentrantLock.java:149)
	at java.base/java.util.concurrent.locks.AbstractQueuedSynchronizer.release(AbstractQueuedSynchronizer.java:1302)
	at java.base/java.util.concurrent.locks.ReentrantLock.unlock(ReentrantLock.java:439)
	at edu.coursera.concurrent.ParBoruvka.computeBoruvka(ParBoruvka.java:42)
	at edu.coursera.concurrent.BoruvkaPerformanceTest.lambda$0(BoruvkaPerformanceTest.java:72)
	at java.base/java.lang.Thread.run(Thread.java:834)
Exception in thread "Thread-57" java.lang.IllegalMonitorStateException
	at java.base/java.util.concurrent.locks.ReentrantLock$Sync.tryRelease(ReentrantLock.java:149)
	at java.base/java.util.concurrent.locks.AbstractQueuedSynchronizer.release(AbstractQueuedSynchronizer.java:1302)
	at java.base/java.util.concurrent.locks.ReentrantLock.unlock(ReentrantLock.java:439)
	at edu.coursera.concurrent.ParBoruvka.computeBoruvka(ParBoruvka.java:42)
	at edu.coursera.concurrent.BoruvkaPerformanceTest.lambda$0(BoruvkaPerformanceTest.java:72)
	at java.base/java.lang.Thread.run(Thread.java:834)
java.lang.IllegalMonitorStateException
	at java.base/java.util.concurrent.locks.ReentrantLock$Sync.tryRelease(ReentrantLock.java:149)
	at java.base/java.util.concurrent.locks.AbstractQueuedSynchronizer.release(AbstractQueuedSynchronizer.java:1302)
	at java.base/java.util.concurrent.locks.ReentrantLock.unlock(ReentrantLock.java:439)
	at edu.coursera.concurrent.ParBoruvka.computeBoruvka(ParBoruvka.java:42)
	at edu.coursera.concurrent.BoruvkaPerformanceTest.lambda$0(BoruvkaPerformanceTest.java:72)
	at java.base/java.lang.Thread.run(Thread.java:834)
Exception in thread "Thread-60" Exception in thread "Thread-63" java.lang.IllegalMonitorStateException
	at java.base/java.util.concurrent.locks.ReentrantLock$Sync.tryRelease(ReentrantLock.java:149)
	at java.base/java.util.concurrent.locks.AbstractQueuedSynchronizer.release(AbstractQueuedSynchronizer.java:1302)
	at java.base/java.util.concurrent.locks.ReentrantLock.unlock(ReentrantLock.java:439)
	at edu.coursera.concurrent.ParBoruvka.computeBoruvka(ParBoruvka.java:42)
	at edu.coursera.concurrent.BoruvkaPerformanceTest.lambda$0(BoruvkaPerformanceTest.java:72)
	at java.base/java.lang.Thread.run(Thread.java:834)
Exception in thread "Thread-61" java.lang.IllegalMonitorStateException
	at java.base/java.util.concurrent.locks.ReentrantLock$Sync.tryRelease(ReentrantLock.java:149)
	at java.base/java.util.concurrent.locks.AbstractQueuedSynchronizer.release(AbstractQueuedSynchronizer.java:1302)
	at java.base/java.util.concurrent.locks.ReentrantLock.unlock(ReentrantLock.java:439)
	at edu.coursera.concurrent.ParBoruvka.computeBoruvka(ParBoruvka.java:42)
	at edu.coursera.concurrent.BoruvkaPerformanceTest.lambda$0(BoruvkaPerformanceTest.java:72)
	at java.base/java.lang.Thread.run(Thread.java:834)
java.lang.IllegalMonitorStateException
	at java.base/java.util.concurrent.locks.ReentrantLock$Sync.tryRelease(ReentrantLock.java:149)
	at java.base/java.util.concurrent.locks.AbstractQueuedSynchronizer.release(AbstractQueuedSynchronizer.java:1302)
	at java.base/java.util.concurrent.locks.ReentrantLock.unlock(ReentrantLock.java:439)
	at edu.coursera.concurrent.ParBoruvka.computeBoruvka(ParBoruvka.java:42)
	at edu.coursera.concurrent.BoruvkaPerformanceTest.lambda$0(BoruvkaPerformanceTest.java:72)
	at java.base/java.lang.Thread.run(Thread.java:834)
  src/main/resources/boruvka/USA-road-d.NE.gr.gz - edu.coursera.concurrent.ParBoruvka - 4
Exception in thread "Thread-68" Exception in thread "Thread-66" java.lang.IllegalMonitorStateException
	at java.base/java.util.concurrent.locks.ReentrantLock$Sync.tryRelease(ReentrantLock.java:149)
	at java.base/java.util.concurrent.locks.AbstractQueuedSynchronizer.release(AbstractQueuedSynchronizer.java:1302)
	at java.base/java.util.concurrent.locks.ReentrantLock.unlock(ReentrantLock.java:439)
	at edu.coursera.concurrent.ParBoruvka.computeBoruvka(ParBoruvka.java:42)
	at edu.coursera.concurrent.BoruvkaPerformanceTest.lambda$0(BoruvkaPerformanceTest.java:72)
	at java.base/java.lang.Thread.run(Thread.java:834)
Exception in thread "Thread-67" java.lang.IllegalMonitorStateException
	at java.base/java.util.concurrent.locks.ReentrantLock$Sync.tryRelease(ReentrantLock.java:149)
	at java.base/java.util.concurrent.locks.AbstractQueuedSynchronizer.release(AbstractQueuedSynchronizer.java:1302)
	at java.base/java.util.concurrent.locks.ReentrantLock.unlock(ReentrantLock.java:439)
	at edu.coursera.concurrent.ParBoruvka.computeBoruvka(ParBoruvka.java:42)
	at edu.coursera.concurrent.BoruvkaPerformanceTest.lambda$0(BoruvkaPerformanceTest.java:72)
	at java.base/java.lang.Thread.run(Thread.java:834)
Exception in thread "Thread-65" Exception in thread "Thread-64" java.lang.IllegalMonitorStateException
	at java.base/java.util.concurrent.locks.ReentrantLock$Sync.tryRelease(ReentrantLock.java:149)
	at java.base/java.util.concurrent.locks.AbstractQueuedSynchronizer.release(AbstractQueuedSynchronizer.java:1302)
	at java.base/java.util.concurrent.locks.ReentrantLock.unlock(ReentrantLock.java:439)
	at edu.coursera.concurrent.ParBoruvka.computeBoruvka(ParBoruvka.java:42)
	at edu.coursera.concurrent.BoruvkaPerformanceTest.lambda$0(BoruvkaPerformanceTest.java:72)
	at java.base/java.lang.Thread.run(Thread.java:834)
Exception in thread "Thread-71" Exception in thread "Thread-70" java.lang.IllegalMonitorStateException
	at java.base/java.util.concurrent.locks.ReentrantLock$Sync.tryRelease(ReentrantLock.java:149)
	at java.base/java.util.concurrent.locks.AbstractQueuedSynchronizer.release(AbstractQueuedSynchronizer.java:1302)
	at java.base/java.util.concurrent.locks.ReentrantLock.unlock(ReentrantLock.java:439)
	at edu.coursera.concurrent.ParBoruvka.computeBoruvka(ParBoruvka.java:42)
	at edu.coursera.concurrent.BoruvkaPerformanceTest.lambda$0(BoruvkaPerformanceTest.java:72)
	at java.base/java.lang.Thread.run(Thread.java:834)
java.lang.IllegalMonitorStateException
	at java.base/java.util.concurrent.locks.ReentrantLock$Sync.tryRelease(ReentrantLock.java:149)
	at java.base/java.util.concurrent.locks.AbstractQueuedSynchronizer.release(AbstractQueuedSynchronizer.java:1302)
	at java.base/java.util.concurrent.locks.ReentrantLock.unlock(ReentrantLock.java:439)
	at edu.coursera.concurrent.ParBoruvka.computeBoruvka(ParBoruvka.java:42)
	at edu.coursera.concurrent.BoruvkaPerformanceTest.lambda$0(BoruvkaPerformanceTest.java:72)
	at java.base/java.lang.Thread.run(Thread.java:834)
Exception in thread "Thread-69" java.lang.IllegalMonitorStateException
	at java.base/java.util.concurrent.locks.ReentrantLock$Sync.tryRelease(ReentrantLock.java:149)
	at java.base/java.util.concurrent.locks.AbstractQueuedSynchronizer.release(AbstractQueuedSynchronizer.java:1302)
	at java.base/java.util.concurrent.locks.ReentrantLock.unlock(ReentrantLock.java:439)
	at edu.coursera.concurrent.ParBoruvka.computeBoruvka(ParBoruvka.java:42)
	at edu.coursera.concurrent.BoruvkaPerformanceTest.lambda$0(BoruvkaPerformanceTest.java:72)
	at java.base/java.lang.Thread.run(Thread.java:834)
java.lang.IllegalMonitorStateException
	at java.base/java.util.concurrent.locks.ReentrantLock$Sync.tryRelease(ReentrantLock.java:149)
	at java.base/java.util.concurrent.locks.AbstractQueuedSynchronizer.release(AbstractQueuedSynchronizer.java:1302)
	at java.base/java.util.concurrent.locks.ReentrantLock.unlock(ReentrantLock.java:439)
	at edu.coursera.concurrent.ParBoruvka.computeBoruvka(ParBoruvka.java:42)
	at edu.coursera.concurrent.BoruvkaPerformanceTest.lambda$0(BoruvkaPerformanceTest.java:72)
	at java.base/java.lang.Thread.run(Thread.java:834)
java.lang.IllegalMonitorStateException
	at java.base/java.util.concurrent.locks.ReentrantLock$Sync.tryRelease(ReentrantLock.java:149)
	at java.base/java.util.concurrent.locks.AbstractQueuedSynchronizer.release(AbstractQueuedSynchronizer.java:1302)
	at java.base/java.util.concurrent.locks.ReentrantLock.unlock(ReentrantLock.java:439)
	at edu.coursera.concurrent.ParBoruvka.computeBoruvka(ParBoruvka.java:42)
	at edu.coursera.concurrent.BoruvkaPerformanceTest.lambda$0(BoruvkaPerformanceTest.java:72)
	at java.base/java.lang.Thread.run(Thread.java:834)
  src/main/resources/boruvka/USA-road-d.NE.gr.gz - edu.coursera.concurrent.ParBoruvka - 4
Exception in thread "Thread-75" java.lang.IllegalMonitorStateException
	at java.base/java.util.concurrent.locks.ReentrantLock$Sync.tryRelease(ReentrantLock.java:149)
	at java.base/java.util.concurrent.locks.AbstractQueuedSynchronizer.release(AbstractQueuedSynchronizer.java:1302)
	at java.base/java.util.concurrent.locks.ReentrantLock.unlock(ReentrantLock.java:439)
	at edu.coursera.concurrent.ParBoruvka.computeBoruvka(ParBoruvka.java:42)
	at edu.coursera.concurrent.BoruvkaPerformanceTest.lambda$0(BoruvkaPerformanceTest.java:72)
	at java.base/java.lang.Thread.run(Thread.java:834)
Exception in thread "Thread-72" java.lang.IllegalMonitorStateException
	at java.base/java.util.concurrent.locks.ReentrantLock$Sync.tryRelease(ReentrantLock.java:149)
	at java.base/java.util.concurrent.locks.AbstractQueuedSynchronizer.release(AbstractQueuedSynchronizer.java:1302)
	at java.base/java.util.concurrent.locks.ReentrantLock.unlock(ReentrantLock.java:439)
	at edu.coursera.concurrent.ParBoruvka.computeBoruvka(ParBoruvka.java:42)
	at edu.coursera.concurrent.BoruvkaPerformanceTest.lambda$0(BoruvkaPerformanceTest.java:72)
	at java.base/java.lang.Thread.run(Thread.java:834)
Exception in thread "Thread-74" java.lang.IllegalMonitorStateException
	at java.base/java.util.concurrent.locks.ReentrantLock$Sync.tryRelease(ReentrantLock.java:149)
	at java.base/java.util.concurrent.locks.AbstractQueuedSynchronizer.release(AbstractQueuedSynchronizer.java:1302)
	at java.base/java.util.concurrent.locks.ReentrantLock.unlock(ReentrantLock.java:439)
	at edu.coursera.concurrent.ParBoruvka.computeBoruvka(ParBoruvka.java:42)
	at edu.coursera.concurrent.BoruvkaPerformanceTest.lambda$0(BoruvkaPerformanceTest.java:72)
	at java.base/java.lang.Thread.run(Thread.java:834)
Exception in thread "Thread-77" java.lang.IllegalMonitorStateException
	at java.base/java.util.concurrent.locks.ReentrantLock$Sync.tryRelease(ReentrantLock.java:149)
	at java.base/java.util.concurrent.locks.AbstractQueuedSynchronizer.release(AbstractQueuedSynchronizer.java:1302)
	at java.base/java.util.concurrent.locks.ReentrantLock.unlock(ReentrantLock.java:439)
	at edu.coursera.concurrent.ParBoruvka.computeBoruvka(ParBoruvka.java:42)
	at edu.coursera.concurrent.BoruvkaPerformanceTest.lambda$0(BoruvkaPerformanceTest.java:72)
	at java.base/java.lang.Thread.run(Thread.java:834)
Exception in thread "Thread-78" java.lang.IllegalMonitorStateException
	at java.base/java.util.concurrent.locks.ReentrantLock$Sync.tryRelease(ReentrantLock.java:149)
	at java.base/java.util.concurrent.locks.AbstractQueuedSynchronizer.release(AbstractQueuedSynchronizer.java:1302)
	at java.base/java.util.concurrent.locks.ReentrantLock.unlock(ReentrantLock.java:439)
	at edu.coursera.concurrent.ParBoruvka.computeBoruvka(ParBoruvka.java:42)
	at edu.coursera.concurrent.BoruvkaPerformanceTest.lambda$0(BoruvkaPerformanceTest.java:72)
	at java.base/java.lang.Thread.run(Thread.java:834)
Exception in thread "Thread-73" Exception in thread "Thread-76" java.lang.IllegalMonitorStateException
	at java.base/java.util.concurrent.locks.ReentrantLock$Sync.tryRelease(ReentrantLock.java:149)
	at java.base/java.util.concurrent.locks.AbstractQueuedSynchronizer.release(AbstractQueuedSynchronizer.java:1302)
	at java.base/java.util.concurrent.locks.ReentrantLock.unlock(ReentrantLock.java:439)
	at edu.coursera.concurrent.ParBoruvka.computeBoruvka(ParBoruvka.java:42)
	at edu.coursera.concurrent.BoruvkaPerformanceTest.lambda$0(BoruvkaPerformanceTest.java:72)
	at java.base/java.lang.Thread.run(Thread.java:834)
java.lang.IllegalMonitorStateException
	at java.base/java.util.concurrent.locks.ReentrantLock$Sync.tryRelease(ReentrantLock.java:149)
	at java.base/java.util.concurrent.locks.AbstractQueuedSynchronizer.release(AbstractQueuedSynchronizer.java:1302)
	at java.base/java.util.concurrent.locks.ReentrantLock.unlock(ReentrantLock.java:439)
	at edu.coursera.concurrent.ParBoruvka.computeBoruvka(ParBoruvka.java:42)
	at edu.coursera.concurrent.BoruvkaPerformanceTest.lambda$0(BoruvkaPerformanceTest.java:72)
	at java.base/java.lang.Thread.run(Thread.java:834)
Exception in thread "Thread-79" java.lang.IllegalMonitorStateException
	at java.base/java.util.concurrent.locks.ReentrantLock$Sync.tryRelease(ReentrantLock.java:149)
	at java.base/java.util.concurrent.locks.AbstractQueuedSynchronizer.release(AbstractQueuedSynchronizer.java:1302)
	at java.base/java.util.concurrent.locks.ReentrantLock.unlock(ReentrantLock.java:439)
	at edu.coursera.concurrent.ParBoruvka.computeBoruvka(ParBoruvka.java:42)
	at edu.coursera.concurrent.BoruvkaPerformanceTest.lambda$0(BoruvkaPerformanceTest.java:72)
	at java.base/java.lang.Thread.run(Thread.java:834)
  src/main/resources/boruvka/USA-road-d.NE.gr.gz - edu.coursera.concurrent.ParBoruvka - 11
]]></system-err>
  </testcase>
</testsuite>